<?xml version="1.0" encoding="UTF-8"?>
<!-- Generated by org.testng.reporters.JUnitXMLReporter -->
<testsuite ignored="0" hostname="LAPTOP-3PSEJ72G" failures="1" tests="2" name="Surefire test" time="37.007" errors="0" timestamp="2026-03-29T18:54:29 IST">
  <testcase classname="Testing.AppTest" name="launchAppTest" time="0.009"/>
  <testcase classname="Testing.tests.LoginTest" name="loginTest" time="20.389">
    <failure type="org.openqa.selenium.TimeoutException" message="Expected condition failed: waiting for visibility of element located by By.id: com.sportstechbrands.sportstechlive:id/etEmail (tried for 20 second(s) with 500 milliseconds interval)
Build info: version: &amp;apos;4.8.1&amp;apos;, revision: &amp;apos;8ebccac989&amp;apos;
System info: os.name: &amp;apos;Windows 11&amp;apos;, os.arch: &amp;apos;amd64&amp;apos;, os.version: &amp;apos;10.0&amp;apos;, java.version: &amp;apos;11.0.28&amp;apos;
Driver info: io.appium.java_client.android.AndroidDriver
Capabilities {appium:appActivity: com.sportstechbrands.sports..., appium:appPackage: com.sportstechbrands.sports..., appium:automationName: UiAutomator2, appium:databaseEnabled: false, appium:desired: {appActivity: com.sportstechbrands.sports..., appPackage: com.sportstechbrands.sports..., automationName: UiAutomator2, deviceName: KJX4A6NBXOV8WCNR, noReset: true, platformName: android}, appium:deviceApiLevel: 36, appium:deviceManufacturer: OnePlus, appium:deviceModel: OPD2504, appium:deviceName: KJX4A6NBXOV8WCNR, appium:deviceScreenDensity: 360, appium:deviceScreenSize: 2800x1980, appium:deviceUDID: KJX4A6NBXOV8WCNR, appium:javascriptEnabled: true, appium:locationContextEnabled: false, appium:networkConnectionEnabled: true, appium:noReset: true, appium:pixelRatio: 2.25, appium:platformVersion: 16, appium:statBarHeight: 77, appium:takesScreenshot: true, appium:viewportRect: {height: 1903, left: 0, top: 77, width: 2800}, appium:warnings: {}, appium:webStorageEnabled: false, platformName: ANDROID}
Session ID: 7e158bb1-4503-4d4a-b9fd-0386b20e1da7">
      <![CDATA[org.openqa.selenium.TimeoutException: Expected condition failed: waiting for visibility of element located by By.id: com.sportstechbrands.sportstechlive:id/etEmail (tried for 20 second(s) with 500 milliseconds interval)
Build info: version: '4.8.1', revision: '8ebccac989'
System info: os.name: 'Windows 11', os.arch: 'amd64', os.version: '10.0', java.version: '11.0.28'
Driver info: io.appium.java_client.android.AndroidDriver
Capabilities {appium:appActivity: com.sportstechbrands.sports..., appium:appPackage: com.sportstechbrands.sports..., appium:automationName: UiAutomator2, appium:databaseEnabled: false, appium:desired: {appActivity: com.sportstechbrands.sports..., appPackage: com.sportstechbrands.sports..., automationName: UiAutomator2, deviceName: KJX4A6NBXOV8WCNR, noReset: true, platformName: android}, appium:deviceApiLevel: 36, appium:deviceManufacturer: OnePlus, appium:deviceModel: OPD2504, appium:deviceName: KJX4A6NBXOV8WCNR, appium:deviceScreenDensity: 360, appium:deviceScreenSize: 2800x1980, appium:deviceUDID: KJX4A6NBXOV8WCNR, appium:javascriptEnabled: true, appium:locationContextEnabled: false, appium:networkConnectionEnabled: true, appium:noReset: true, appium:pixelRatio: 2.25, appium:platformVersion: 16, appium:statBarHeight: 77, appium:takesScreenshot: true, appium:viewportRect: {height: 1903, left: 0, top: 77, width: 2800}, appium:warnings: {}, appium:webStorageEnabled: false, platformName: ANDROID}
Session ID: 7e158bb1-4503-4d4a-b9fd-0386b20e1da7
at org.openqa.selenium.support.ui.WebDriverWait.timeoutException(WebDriverWait.java:87)
at org.openqa.selenium.support.ui.FluentWait.until(FluentWait.java:231)
at Testing.tests.LoginTest.loginTest(LoginTest.java:25)
at java.base/java.util.ArrayList.forEach(ArrayList.java:1541)
... Removed 32 stack frames]]>
    </failure>
  </testcase> <!-- loginTest -->
</testsuite> <!-- Surefire test -->
