<?xml version="1.0" encoding="UTF-8"?>
<testsuite xmlns:xsi="http://www.w3.org/2001/XMLSchema-instance" xsi:noNamespaceSchemaLocation="https://maven.apache.org/surefire/maven-surefire-plugin/xsd/surefire-test-report.xsd" version="3.0.2" name="TestSuite" time="37.685" tests="2" errors="0" skipped="0" failures="1">
  <properties>
[...]
</properties>
  <testcase name="launchAppTest" classname="Testing.AppTest" time="0.006">
    <system-out><![CDATA[App launched successfully
]]></system-out>
    <system-err><![CDATA[SLF4J: No SLF4J providers were found.
SLF4J: Defaulting to no-operation (NOP) logger implementation
SLF4J: See https://www.slf4j.org/codes.html#noProviders for further details.
]]></system-err>
  </testcase>
  <testcase name="loginTest" classname="Testing.tests.LoginTest" time="20.404">
    <failure message="Expected condition failed: waiting for visibility of element located by By.id: com.sportstechbrands.sportstechlive:id/etEmail (tried for 20 second(s) with 500 milliseconds interval)&#10;Build info: version: &apos;4.8.1&apos;, revision: &apos;8ebccac989&apos;&#10;System info: os.name: &apos;Windows 11&apos;, os.arch: &apos;amd64&apos;, os.version: &apos;10.0&apos;, java.version: &apos;11.0.28&apos;&#10;Driver info: io.appium.java_client.android.AndroidDriver&#10;Capabilities {appium:appActivity: com.sportstechbrands.sports..., appium:appPackage: com.sportstechbrands.sports..., appium:automationName: UiAutomator2, appium:databaseEnabled: false, appium:desired: {appActivity: com.sportstechbrands.sports..., appPackage: com.sportstechbrands.sports..., automationName: UiAutomator2, deviceName: KJX4A6NBXOV8WCNR, noReset: true, platformName: android}, appium:deviceApiLevel: 36, appium:deviceManufacturer: OnePlus, appium:deviceModel: OPD2504, appium:deviceName: KJX4A6NBXOV8WCNR, appium:deviceScreenDensity: 360, appium:deviceScreenSize: 2800x1980, appium:deviceUDID: KJX4A6NBXOV8WCNR, appium:javascriptEnabled: true, appium:locationContextEnabled: false, appium:networkConnectionEnabled: true, appium:noReset: true, appium:pixelRatio: 2.25, appium:platformVersion: 16, appium:statBarHeight: 77, appium:takesScreenshot: true, appium:viewportRect: {height: 1903, left: 0, top: 77, width: 2800}, appium:warnings: {}, appium:webStorageEnabled: false, platformName: ANDROID}&#10;Session ID: 7e158bb1-4503-4d4a-b9fd-0386b20e1da7" type="org.openqa.selenium.TimeoutException"><![CDATA[org.openqa.selenium.TimeoutException: 
Expected condition failed: waiting for visibility of element located by By.id: com.sportstechbrands.sportstechlive:id/etEmail (tried for 20 second(s) with 500 milliseconds interval)
Build info: version: '4.8.1', revision: '8ebccac989'
System info: os.name: 'Windows 11', os.arch: 'amd64', os.version: '10.0', java.version: '11.0.28'
Driver info: io.appium.java_client.android.AndroidDriver
Capabilities {appium:appActivity: com.sportstechbrands.sports..., appium:appPackage: com.sportstechbrands.sports..., appium:automationName: UiAutomator2, appium:databaseEnabled: false, appium:desired: {appActivity: com.sportstechbrands.sports..., appPackage: com.sportstechbrands.sports..., automationName: UiAutomator2, deviceName: KJX4A6NBXOV8WCNR, noReset: true, platformName: android}, appium:deviceApiLevel: 36, appium:deviceManufacturer: OnePlus, appium:deviceModel: OPD2504, appium:deviceName: KJX4A6NBXOV8WCNR, appium:deviceScreenDensity: 360, appium:deviceScreenSize: 2800x1980, appium:deviceUDID: KJX4A6NBXOV8WCNR, appium:javascriptEnabled: true, appium:locationContextEnabled: false, appium:networkConnectionEnabled: true, appium:noReset: true, appium:pixelRatio: 2.25, appium:platformVersion: 16, appium:statBarHeight: 77, appium:takesScreenshot: true, appium:viewportRect: {height: 1903, left: 0, top: 77, width: 2800}, appium:warnings: {}, appium:webStorageEnabled: false, platformName: ANDROID}
Session ID: 7e158bb1-4503-4d4a-b9fd-0386b20e1da7
	at org.openqa.selenium.support.ui.WebDriverWait.timeoutException(WebDriverWait.java:87)
	at org.openqa.selenium.support.ui.FluentWait.until(FluentWait.java:231)
	at Testing.tests.LoginTest.loginTest(LoginTest.java:25)
	at java.base/jdk.internal.reflect.NativeMethodAccessorImpl.invoke0(Native Method)
	at java.base/jdk.internal.reflect.NativeMethodAccessorImpl.invoke(NativeMethodAccessorImpl.java:62)
	at java.base/jdk.internal.reflect.DelegatingMethodAccessorImpl.invoke(DelegatingMethodAccessorImpl.java:43)
	at java.base/java.lang.reflect.Method.invoke(Method.java:566)
	at org.testng.internal.invokers.MethodInvocationHelper.invokeMethod(MethodInvocationHelper.java:139)
	at org.testng.internal.invokers.TestInvoker.invokeMethod(TestInvoker.java:664)
	at org.testng.internal.invokers.TestInvoker.invokeTestMethod(TestInvoker.java:228)
	at org.testng.internal.invokers.MethodRunner.runInSequence(MethodRunner.java:63)
	at org.testng.internal.invokers.TestInvoker$MethodInvocationAgent.invoke(TestInvoker.java:961)
	at org.testng.internal.invokers.TestInvoker.invokeTestMethods(TestInvoker.java:201)
	at org.testng.internal.invokers.TestMethodWorker.invokeTestMethods(TestMethodWorker.java:148)
	at org.testng.internal.invokers.TestMethodWorker.run(TestMethodWorker.java:128)
	at java.base/java.util.ArrayList.forEach(ArrayList.java:1541)
	at org.testng.TestRunner.privateRun(TestRunner.java:819)
	at org.testng.TestRunner.run(TestRunner.java:619)
	at org.testng.SuiteRunner.runTest(SuiteRunner.java:443)
	at org.testng.SuiteRunner.runSequentially(SuiteRunner.java:437)
	at org.testng.SuiteRunner.privateRun(SuiteRunner.java:397)
	at org.testng.SuiteRunner.run(SuiteRunner.java:336)
	at org.testng.SuiteRunnerWorker.runSuite(SuiteRunnerWorker.java:52)
	at org.testng.SuiteRunnerWorker.run(SuiteRunnerWorker.java:95)
	at org.testng.TestNG.runSuitesSequentially(TestNG.java:1301)
	at org.testng.TestNG.runSuitesLocally(TestNG.java:1228)
	at org.testng.TestNG.runSuites(TestNG.java:1134)
	at org.testng.TestNG.run(TestNG.java:1101)
	at org.apache.maven.surefire.testng.TestNGExecutor.run(TestNGExecutor.java:155)
	at org.apache.maven.surefire.testng.TestNGDirectoryTestSuite.executeMulti(TestNGDirectoryTestSuite.java:169)
	at org.apache.maven.surefire.testng.TestNGDirectoryTestSuite.execute(TestNGDirectoryTestSuite.java:88)
	at org.apache.maven.surefire.testng.TestNGProvider.invoke(TestNGProvider.java:137)
	at org.apache.maven.surefire.booter.ForkedBooter.runSuitesInProcess(ForkedBooter.java:385)
	at org.apache.maven.surefire.booter.ForkedBooter.execute(ForkedBooter.java:162)
	at org.apache.maven.surefire.booter.ForkedBooter.run(ForkedBooter.java:507)
	at org.apache.maven.surefire.booter.ForkedBooter.main(ForkedBooter.java:495)
]]></failure>
    <system-out><![CDATA[Clicked LOGIN
]]></system-out>
  </testcase>
</testsuite>